<?xml version="1.0" encoding="UTF-8"?>
<!-- Generated by org.testng.reporters.JUnitXMLReporter -->
<testsuite hostname="bdc6-dx-5DVHXH2" ignored="0" name="Test" tests="8" failures="8" timestamp="31 Aug 2018 09:03:30 GMT" time="0.299" errors="0">
  <testcase name="getAllFirstName" time="0.214" classname="ResReQ.getTest">
    <failure type="java.lang.ExceptionInInitializerError">
      <![CDATA[java.lang.ExceptionInInitializerError
at org.codehaus.groovy.runtime.InvokerHelper.<clinit>(InvokerHelper.java:66)
at org.codehaus.groovy.runtime.ScriptBytecodeAdapter.createMap(ScriptBytecodeAdapter.java:623)
at io.restassured.internal.ResponseParserRegistrar.<init>(ResponseParserRegistrar.groovy)
at io.restassured.RestAssured.<clinit>(RestAssured.java:346)
at ResReQ.getTest.getAllFirstName(getTest.java:44)
Caused by: groovy.lang.GroovyRuntimeException: Conflicting module versions. Module [groovy-xml is loaded in version 2.4.12 and you are trying to load version 2.4.4
at org.codehaus.groovy.runtime.metaclass.MetaClassRegistryImpl$DefaultModuleListener.onModule(MetaClassRegistryImpl.java:513)
at org.codehaus.groovy.runtime.m12n.ExtensionModuleScanner.scanExtensionModuleFromProperties(ExtensionModuleScanner.java:80)
at org.codehaus.groovy.runtime.m12n.ExtensionModuleScanner.scanExtensionModuleFromMetaInf(ExtensionModuleScanner.java:74)
at org.codehaus.groovy.runtime.m12n.ExtensionModuleScanner.scanClasspathModules(ExtensionModuleScanner.java:56)
at org.codehaus.groovy.runtime.metaclass.MetaClassRegistryImpl.<init>(MetaClassRegistryImpl.java:113)
at org.codehaus.groovy.runtime.metaclass.MetaClassRegistryImpl.<init>(MetaClassRegistryImpl.java:74)
at groovy.lang.GroovySystem.<clinit>(GroovySystem.java:36)
... 30 more
... Removed 25 stack frames]]>
    </failure>
  </testcase> <!-- getAllFirstName -->
  <testcase name="getAllFirstName" time="0.002" classname="ResReQ.getNegative">
    <failure type="java.lang.NoClassDefFoundError" message="Could not initialize class io.restassured.RestAssured">
      <![CDATA[java.lang.NoClassDefFoundError: Could not initialize class io.restassured.RestAssured
at ResReQ.getNegative.getAllFirstName(getNegative.java:16)
... Removed 25 stack frames]]>
    </failure>
  </testcase> <!-- getAllFirstName -->
  <testcase name="putStatusCode" time="0.002" classname="ResReQ.PutREQRES">
    <failure type="java.lang.NoClassDefFoundError" message="Could not initialize class io.restassured.RestAssured">
      <![CDATA[java.lang.NoClassDefFoundError: Could not initialize class io.restassured.RestAssured
at ResReQ.PutREQRES.putStatusCode(PutREQRES.java:10)
... Removed 25 stack frames]]>
    </failure>
  </testcase> <!-- putStatusCode -->
  <testcase name="PostTestStatusCode" time="0.003" classname="ResReQ.DeleteREQRES">
    <failure type="java.lang.NoClassDefFoundError" message="Could not initialize class io.restassured.RestAssured">
      <![CDATA[java.lang.NoClassDefFoundError: Could not initialize class io.restassured.RestAssured
at ResReQ.DeleteREQRES.PostTestStatusCode(DeleteREQRES.java:13)
... Removed 25 stack frames]]>
    </failure>
  </testcase> <!-- PostTestStatusCode -->
  <testcase name="PostTestStatusCode" time="0.001" classname="ResReQ.PostRESREQ">
    <failure type="java.lang.NoClassDefFoundError" message="Could not initialize class io.restassured.RestAssured">
      <![CDATA[java.lang.NoClassDefFoundError: Could not initialize class io.restassured.RestAssured
at ResReQ.PostRESREQ.PostTestStatusCode(PostRESREQ.java:17)
... Removed 25 stack frames]]>
    </failure>
  </testcase> <!-- PostTestStatusCode -->
  <testcase name="getTest1" time="0.001" classname="ResReQ.getTest">
    <failure type="java.lang.NoClassDefFoundError" message="Could not initialize class io.restassured.RestAssured">
      <![CDATA[java.lang.NoClassDefFoundError: Could not initialize class io.restassured.RestAssured
at ResReQ.getTest.getTest1(getTest.java:17)
... Removed 25 stack frames]]>
    </failure>
  </testcase> <!-- getTest1 -->
  <testcase name="getTestDetails" time="0.002" classname="ResReQ.getTest">
    <failure type="java.lang.NoClassDefFoundError" message="Could not initialize class io.restassured.RestAssured">
      <![CDATA[java.lang.NoClassDefFoundError: Could not initialize class io.restassured.RestAssured
at ResReQ.getTest.getTestDetails(getTest.java:28)
... Removed 25 stack frames]]>
    </failure>
  </testcase> <!-- getTestDetails -->
  <testcase name="PostTestBody" time="0.004" classname="ResReQ.PostRESREQ">
    <failure type="java.lang.NoClassDefFoundError" message="Could not initialize class io.restassured.RestAssured">
      <![CDATA[java.lang.NoClassDefFoundError: Could not initialize class io.restassured.RestAssured
at ResReQ.PostRESREQ.PostTestBody(PostRESREQ.java:28)
... Removed 25 stack frames]]>
    </failure>
  </testcase> <!-- PostTestBody -->
</testsuite> <!-- Test -->
